<?xml version="1.0" encoding="UTF-8"?>
<testsuite xmlns:xsi="http://www.w3.org/2001/XMLSchema-instance" xsi:noNamespaceSchemaLocation="https://maven.apache.org/surefire/maven-surefire-plugin/xsd/surefire-test-report.xsd" name="ru.netology.statistic.StatisticsServiceTest" time="0.045" tests="2" errors="0" skipped="0" failures="0">
  <properties>
[...]
</properties>
  <testcase name="findMaxinMiddle" classname="ru.netology.statistic.StatisticsServiceTest" time="0.03"/>
  <testcase name="findMaxFirst" classname="ru.netology.statistic.StatisticsServiceTest" time="0.001"/>
</testsuite>